  DISTJOIN.cpp
c:\users\carlo\source\repos\distjoin\distjoin\algoritmo.h(107): warning C4018: '<': no coinciden signed/unsigned
c:\users\carlo\source\repos\distjoin\distjoin\algoritmo.h(117): warning C4018: '<': no coinciden signed/unsigned
c:\users\carlo\source\repos\distjoin\distjoin\nodo.h(44): warning C4018: '<': no coinciden signed/unsigned
c:\users\carlo\source\repos\distjoin\distjoin\textos.h(37): warning C4244: 'argumento': conversión de 'int' a 'float'; posible pérdida de datos
c:\users\carlo\source\repos\distjoin\distjoin\textos.h(65): warning C4244: 'argumento': conversión de 'int' a 'float'; posible pérdida de datos
c:\users\carlo\source\repos\distjoin\distjoin\distjoin.cpp(27): warning C4244: 'inicializando': conversión de 'float' a 'int'; posible pérdida de datos
c:\users\carlo\source\repos\distjoin\distjoin\distjoin.cpp(28): warning C4018: '<': no coinciden signed/unsigned
c:\users\carlo\source\repos\distjoin\distjoin\distjoin.cpp(33): warning C4244: 'inicializando': conversión de 'float' a 'int'; posible pérdida de datos
c:\users\carlo\source\repos\distjoin\distjoin\distjoin.cpp(36): warning C4244: 'argumento': conversión de 'int' a 'float'; posible pérdida de datos
c:\users\carlo\source\repos\distjoin\distjoin\distjoin.cpp(38): warning C4244: 'argumento': conversión de 'int' a 'float'; posible pérdida de datos
c:\users\carlo\source\repos\distjoin\distjoin\distjoin.cpp(49): warning C4244: 'argumento': conversión de 'int' a 'float'; posible pérdida de datos
c:\users\carlo\source\repos\distjoin\distjoin\distjoin.cpp(92): warning C4018: '<': no coinciden signed/unsigned
c:\users\carlo\source\repos\distjoin\distjoin\distjoin.cpp(93): warning C4244: 'argumento': conversión de 'int' a 'float'; posible pérdida de datos
c:\users\carlo\source\repos\distjoin\distjoin\distjoin.cpp(114): warning C4018: '<': no coinciden signed/unsigned
c:\users\carlo\source\repos\distjoin\distjoin\distjoin.cpp(116): warning C4244: 'inicializando': conversión de 'float' a 'int'; posible pérdida de datos
c:\users\carlo\source\repos\distjoin\distjoin\distjoin.cpp(117): warning C4244: 'inicializando': conversión de 'float' a 'int'; posible pérdida de datos
c:\users\carlo\source\repos\distjoin\distjoin\distjoin.cpp(118): warning C4244: 'inicializando': conversión de 'float' a 'int'; posible pérdida de datos
c:\users\carlo\source\repos\distjoin\distjoin\distjoin.cpp(119): warning C4244: 'inicializando': conversión de 'float' a 'int'; posible pérdida de datos
c:\users\carlo\source\repos\distjoin\distjoin\distjoin.cpp(134): warning C4018: '<': no coinciden signed/unsigned
c:\users\carlo\source\repos\distjoin\distjoin\distjoin.cpp(136): warning C4244: 'inicializando': conversión de 'float' a 'int'; posible pérdida de datos
c:\users\carlo\source\repos\distjoin\distjoin\distjoin.cpp(137): warning C4244: 'inicializando': conversión de 'float' a 'int'; posible pérdida de datos
c:\users\carlo\source\repos\distjoin\distjoin\distjoin.cpp(138): warning C4244: 'inicializando': conversión de 'float' a 'int'; posible pérdida de datos
c:\users\carlo\source\repos\distjoin\distjoin\distjoin.cpp(139): warning C4244: 'inicializando': conversión de 'float' a 'int'; posible pérdida de datos
c:\users\carlo\source\repos\distjoin\distjoin\distjoin.cpp(166): warning C4018: '<': no coinciden signed/unsigned
  DISTJOIN.vcxproj -> C:\Users\carlo\source\repos\DISTJOIN\Debug\DISTJOIN.exe
